 ===================== Eco3M configuration used: 
 Name of the configuration of the biogeochemical model: Eco3M_Default       
  
 ================ Eco3M: Initialisation of the model configuration ================
 Configuration file: /home/mazoyer/Documents/PROJETS_SRC/CROCO/SRC/croco_git_dev_2022_BIOLink_ok/ECO3M/CONFIG_ECO3M/modele.def

 Number of model processes:           20
 Description of the PROC_MOD array
 Id : Name : Function name : Number of par. : Par.
  1  : gpp : f_ppb_han      6  : a_chl|phi_max_C|tau|sig_ps2|k_d|k_r|
  2  : uGcm : f_fQPP_capmey      3  : indX|Qmin|K_Q|
  3  : uGd : f_fQPP_droop      3  : indX|Qmin|valmin|
  4  : uGg : f_fQPP_geid      3  : indX|Qmin|Qmax|
  5  : respPBB : f_respB_vichi07      3  : rbact|bge|QTEN|
  6  : pchl : f_pchl_bak06     14  : thetaN_max|alpha_star|inut1|Vm1|K1|iXorC1|inut2|Vm2|K2|iXorC2|inut3|Vm3|K3|iXorC3|
  7  : gbp : f_gbp_monod      3  : inut|k_demi|mu_bact_NR|
  8  : upt : f_upt_monod_Qmax      4  : inut|k_demi|Qmax|mu_max|
  9  : uQ : f_fQupt_geid      5  : indX|Qmin|Qmax|n|valmin|
 10  : inhib : f_inhib_harrison      2  : ki|im|
 11  : f_ChlC : f_ChlC_cloern_95      2  : inut|KN|
 12  : tfuncP : f_tfunc_Lacroix02      3  : beta|t_opt|t_let|
 13  : tfuncB : f_tfunc_Q10      1  : QTEN|
 14  : rem : f_rem      1  : tx_rem|
 15  : nit : f_nitrif_vichi07diaz      2  : tx_nit|QTEN|
 16  : mort : f_mort_linear      1  : kmort|
 17  : pred : f_mort_quadratique      1  : kmort|
 18  : graz : f_graz_C_Fasham90     22  : ipred|iprey|Gmax|kzoo|cminprey|nbprey|ind1|Pref1|ind2|Pref2|ind3|Pref3|ind4|Pref4|ind5|Pref5|ind6|Pref6|ind7|Pref7|ind8|Pref8|
 19  : grazC2X : f_graz_C2X      2  : ipred|iprey|
 20  : f_extinc : f_extinc_morel93      2  : aa0|kk0|

 ==================== Eco3M: Initialisation of state variables
 Number of compartments:            6
 Number of sub-compartments:            8
 Number of state variables:           16

 Variable descriptions: 
  ID | Compartment | Sub-compartment | Element 
  1 - zoo - COP - C
  2 - zoo - COP - N
  3 - phy - PHYS - C
  4 - phy - PHYS - N
  5 - phy - PHYS - Chl
  6 - phy - PHYL - C
  7 - phy - PHYL - N
  8 - phy - PHYL - Chl
  9 - bac - BAC - C
 10 - bac - BAC - N
 11 - det - DETS - C
 12 - det - DETS - N
 13 - mod - MOD - C
 14 - mod - MOD - N
 15 - mid - NO3 - N
 16 - mid - NH4 - N

 Number of phyto sub-comp:            2
 Index of phyto sub-comp.:            2           3

 Number of zoo sub-comp:            1
 Index of zoo sub-comp.:            1

 Number of bac. sub-comp:            1
 Index of bac. sub-comp.:            4

 Number of diaz. sub-comp:            0

 Number of dissolved organic matter:            2
 Index of dissolved organic matter variables:           13          14

 Number of cell variables:            0

  ===================================== Eco3M Flux calculation 
           1 ;           3 :          18 /
           1 ;           6 :          18 /
           1 ;           9 :          18 /
           1 ;          11 :          18 /          18 /          18 /          17 /
           1 ;          13 :          18 /          18 /           3 /          18 /          18 /           3 /          18 /          18 /           3 /
           2 ;           4 :          19 /
           2 ;           7 :          19 /
           2 ;          10 :          19 /
           2 ;          12 :          19 /          19 /          19 /          17 /
           2 ;          16 :          19 /          19 /           9 /          19 /          19 /           9 /          19 /          19 /           9 /
           3 ;           3 :           1 /          12 /           8 /          12 /           8 /          12 /          10 /
           3 ;          13 :           1 /          12 /           1 /          12 /           3 /
           4 ;          15 :           8 /          12 /          10 /           9 /
           4 ;          16 :           8 /          12 /           9 /
           5 ;           5 :           6 /           3 /          12 /          19 /
           6 ;           6 :           1 /          12 /           8 /          12 /           8 /          12 /
           6 ;          11 :          16 /          16 /          12 /
           6 ;          13 :           1 /          12 /           1 /          12 /           3 /
           7 ;          12 :          16 /          16 /          12 /
           7 ;          15 :           8 /          12 /           9 /
           7 ;          16 :           8 /          12 /           9 /
           8 ;           8 :          16 /          16 /          12 /           6 /           3 /          12 /          19 /
           9 ;           9 :           7 /          13 /           3 /           7 /          13 /           3 /
           9 ;          13 :           7 /          13 /           3 /          16 /          13 /
          10 ;          14 :           8 /          16 /          13 /
          10 ;          16 :           8 /          13 /           9 /           8 /           8 /           9 /
          11 ;          13 :          14 /
          12 ;          14 :          14 /
          15 ;          16 :          15 /

 Flux parameters
================   1  3 graz       : 
ipred  =  1.00    ;
iprey  =  3.00    ;
Gmax   = 0.450E-04;
kzoo   =  14.0    ;
cminpre=  0.00    ;
nbprey =  3.00    ;
ind1   =  3.00    ;
Pref1  = 0.250    ;
ind2   =  6.00    ;
Pref2  = 0.600    ;
ind3   =  9.00    ;
Pref3  = 0.150    ;
================   2  4 grazC2X    : 
ipred  =  2.00    ;
iprey  =  4.00    ;
================   1  6 graz       : 
ipred  =  1.00    ;
iprey  =  6.00    ;
Gmax   = 0.450E-04;
kzoo   =  14.0    ;
cminpre=  0.00    ;
nbprey =  3.00    ;
ind1   =  3.00    ;
Pref1  = 0.250    ;
ind2   =  6.00    ;
Pref2  = 0.600    ;
ind3   =  9.00    ;
Pref3  = 0.150    ;
================   2  7 grazC2X    : 
ipred  =  2.00    ;
iprey  =  7.00    ;
================   1  9 graz       : 
ipred  =  1.00    ;
iprey  =  9.00    ;
Gmax   = 0.450E-04;
kzoo   =  14.0    ;
cminpre=  0.00    ;
nbprey =  3.00    ;
ind1   =  3.00    ;
Pref1  = 0.250    ;
ind2   =  6.00    ;
Pref2  = 0.600    ;
ind3   =  9.00    ;
Pref3  = 0.150    ;
================   2 10 grazC2X    : 
ipred  =  2.00    ;
iprey  =  10.0    ;
================   1 11 graz       : 
ipred  =  1.00    ;
iprey  =  3.00    ;
Gmax   = 0.450E-04;
kzoo   =  14.0    ;
cminpre=  0.00    ;
nbprey =  3.00    ;
ind1   =  3.00    ;
Pref1  = 0.250    ;
ind2   =  6.00    ;
Pref2  = 0.600    ;
ind3   =  9.00    ;
Pref3  = 0.150    ;
================   1 11 graz       : 
ipred  =  1.00    ;
iprey  =  6.00    ;
Gmax   = 0.450E-04;
kzoo   =  14.0    ;
cminpre=  0.00    ;
nbprey =  3.00    ;
ind1   =  3.00    ;
Pref1  = 0.250    ;
ind2   =  6.00    ;
Pref2  = 0.600    ;
ind3   =  9.00    ;
Pref3  = 0.150    ;
================   1 11 graz       : 
ipred  =  1.00    ;
iprey  =  9.00    ;
Gmax   = 0.450E-04;
kzoo   =  14.0    ;
cminpre=  0.00    ;
nbprey =  3.00    ;
ind1   =  3.00    ;
Pref1  = 0.250    ;
ind2   =  6.00    ;
Pref2  = 0.600    ;
ind3   =  9.00    ;
Pref3  = 0.150    ;
================   1 11 pred       : 
kmort  = 0.463E-06;
================   2 12 grazC2X    : 
ipred  =  2.00    ;
iprey  =  4.00    ;
================   2 12 grazC2X    : 
ipred  =  2.00    ;
iprey  =  7.00    ;
================   2 12 grazC2X    : 
ipred  =  2.00    ;
iprey  =  10.0    ;
================   2 12 pred       : 
kmort  = 0.463E-06;
================   1 13 graz       : 
ipred  =  1.00    ;
iprey  =  3.00    ;
Gmax   = 0.450E-04;
kzoo   =  14.0    ;
cminpre=  0.00    ;
nbprey =  3.00    ;
ind1   =  3.00    ;
Pref1  = 0.250    ;
ind2   =  6.00    ;
Pref2  = 0.600    ;
ind3   =  9.00    ;
Pref3  = 0.150    ;
================   1 13 graz       : 
ipred  =  1.00    ;
iprey  =  3.00    ;
Gmax   = 0.450E-04;
kzoo   =  14.0    ;
cminpre=  0.00    ;
nbprey =  3.00    ;
ind1   =  3.00    ;
Pref1  = 0.250    ;
ind2   =  6.00    ;
Pref2  = 0.600    ;
ind3   =  9.00    ;
Pref3  = 0.150    ;
================   1 13 uGd        : 
indX   =  2.00    ;
Qmin   = 0.120    ;
================   1 13 graz       : 
ipred  =  1.00    ;
iprey  =  6.00    ;
Gmax   = 0.450E-04;
kzoo   =  14.0    ;
cminpre=  0.00    ;
nbprey =  3.00    ;
ind1   =  3.00    ;
Pref1  = 0.250    ;
ind2   =  6.00    ;
Pref2  = 0.600    ;
ind3   =  9.00    ;
Pref3  = 0.150    ;
================   1 13 graz       : 
ipred  =  1.00    ;
iprey  =  6.00    ;
Gmax   = 0.450E-04;
kzoo   =  14.0    ;
cminpre=  0.00    ;
nbprey =  3.00    ;
ind1   =  3.00    ;
Pref1  = 0.250    ;
ind2   =  6.00    ;
Pref2  = 0.600    ;
ind3   =  9.00    ;
Pref3  = 0.150    ;
================   1 13 uGd        : 
indX   =  2.00    ;
Qmin   = 0.120    ;
================   1 13 graz       : 
ipred  =  1.00    ;
iprey  =  9.00    ;
Gmax   = 0.450E-04;
kzoo   =  14.0    ;
cminpre=  0.00    ;
nbprey =  3.00    ;
ind1   =  3.00    ;
Pref1  = 0.250    ;
ind2   =  6.00    ;
Pref2  = 0.600    ;
ind3   =  9.00    ;
Pref3  = 0.150    ;
================   1 13 graz       : 
ipred  =  1.00    ;
iprey  =  9.00    ;
Gmax   = 0.450E-04;
kzoo   =  14.0    ;
cminpre=  0.00    ;
nbprey =  3.00    ;
ind1   =  3.00    ;
Pref1  = 0.250    ;
ind2   =  6.00    ;
Pref2  = 0.600    ;
ind3   =  9.00    ;
Pref3  = 0.150    ;
================   1 13 uGd        : 
indX   =  2.00    ;
Qmin   = 0.120    ;
================   2 16 grazC2X    : 
ipred  =  2.00    ;
iprey  =  4.00    ;
================   2 16 grazC2X    : 
ipred  =  2.00    ;
iprey  =  4.00    ;
================   2 16 uQ         : 
indX   =  2.00    ;
Qmin   = 0.120    ;
Qmax   = 0.250    ;
n      = 0.510E-01;
================   2 16 grazC2X    : 
ipred  =  2.00    ;
iprey  =  7.00    ;
================   2 16 grazC2X    : 
ipred  =  2.00    ;
iprey  =  7.00    ;
================   2 16 uQ         : 
indX   =  2.00    ;
Qmin   = 0.120    ;
Qmax   = 0.250    ;
n      = 0.510E-01;
================   2 16 grazC2X    : 
ipred  =  2.00    ;
iprey  =  10.0    ;
================   2 16 grazC2X    : 
ipred  =  2.00    ;
iprey  =  10.0    ;
================   2 16 uQ         : 
indX   =  2.00    ;
Qmin   = 0.120    ;
Qmax   = 0.250    ;
n      = 0.510E-01;
================   3 13 gpp        : 
a_chl  = 0.500E-01;
phi_max= 0.164E-03;
tau    = 0.100E-02;
sig_ps2=  12.0    ;
k_d    = 0.260E-07;
k_r    = 0.200E-03;
================   3 13 tfuncP     : 
beta   = 0.500    ;
t_opt  =  17.0    ;
t_let  =  11.0    ;
================   3 13 gpp        : 
a_chl  = 0.500E-01;
phi_max= 0.164E-03;
tau    = 0.100E-02;
sig_ps2=  12.0    ;
k_d    = 0.260E-07;
k_r    = 0.200E-03;
================   3 13 tfuncP     : 
beta   = 0.500    ;
t_opt  =  17.0    ;
t_let  =  11.0    ;
================   3 13 uGd        : 
indX   =  4.00    ;
Qmin   = 0.115    ;
================   4 15 upt        : 
inut   =  15.0    ;
k_demi = 0.500    ;
Qmax   = 0.229    ;
================   4 15 tfuncP     : 
beta   = 0.500    ;
t_opt  =  17.0    ;
t_let  =  11.0    ;
================   4 15 inhib      : 
ki     = 0.578    ;
im     = 0.820    ;
================   4 15 uQ         : 
indX   =  4.00    ;
Qmin   = 0.115    ;
Qmax   = 0.229    ;
n      = 0.500E-01;
================   4 16 upt        : 
inut   =  16.0    ;
k_demi = 0.800E-01;
Qmax   = 0.229    ;
================   4 16 tfuncP     : 
beta   = 0.500    ;
t_opt  =  17.0    ;
t_let  =  11.0    ;
================   4 16 uQ         : 
indX   =  4.00    ;
Qmin   = 0.115    ;
Qmax   = 0.229    ;
n      = 0.500E-01;
================   6 11 mort       : 
kmort  = 0.100E-07;
================   6 11 mort       : 
kmort  = 0.100E-07;
================   6 11 tfuncP     : 
beta   = 0.800    ;
t_opt  =  14.0    ;
t_let  =  9.00    ;
================   7 12 mort       : 
kmort  = 0.100E-07;
================   7 12 mort       : 
kmort  = 0.100E-07;
================   7 12 tfuncP     : 
beta   = 0.800    ;
t_opt  =  14.0    ;
t_let  =  9.00    ;
================   6 13 gpp        : 
a_chl  = 0.150E-01;
phi_max= 0.225E-03;
tau    = 0.200E-02;
sig_ps2=  8.50    ;
k_d    = 0.260E-07;
k_r    = 0.200E-03;
================   6 13 tfuncP     : 
beta   = 0.800    ;
t_opt  =  14.0    ;
t_let  =  9.00    ;
================   6 13 gpp        : 
a_chl  = 0.150E-01;
phi_max= 0.225E-03;
tau    = 0.200E-02;
sig_ps2=  8.50    ;
k_d    = 0.260E-07;
k_r    = 0.200E-03;
================   6 13 tfuncP     : 
beta   = 0.800    ;
t_opt  =  14.0    ;
t_let  =  9.00    ;
================   6 13 uGd        : 
indX   =  7.00    ;
Qmin   = 0.500E-01;
================   7 15 upt        : 
inut   =  15.0    ;
k_demi =  2.50    ;
Qmax   = 0.170    ;
================   7 15 tfuncP     : 
beta   = 0.800    ;
t_opt  =  14.0    ;
t_let  =  9.00    ;
================   7 15 uQ         : 
indX   =  7.00    ;
Qmin   = 0.500E-01;
Qmax   = 0.170    ;
n      = 0.500E-01;
================   7 16 upt        : 
inut   =  16.0    ;
k_demi = 0.180    ;
Qmax   = 0.170    ;
================   7 16 tfuncP     : 
beta   = 0.800    ;
t_opt  =  14.0    ;
t_let  =  9.00    ;
================   7 16 uQ         : 
indX   =  7.00    ;
Qmin   = 0.500E-01;
Qmax   = 0.170    ;
n      = 0.500E-01;
================   9 13 gbp        : 
inut   =  13.0    ;
k_demi =  20.0    ;
mu_bact= 0.139E-04;
================   9 13 tfuncB     : 
QTEN   =  2.30    ;
================   9 13 uGd        : 
indX   =  10.0    ;
Qmin   = 0.168    ;
valmin =  0.00    ;
================   9 13 mort       : 
kmort  = 0.570E-06;
================   9 13 tfuncB     : 
QTEN   =  2.30    ;
================  10 14 upt        : 
inut   =  14.0    ;
k_demi =  1.50    ;
Qmax   = 0.264    ;
mu_max = 0.139E-04;
================  10 14 mort       : 
kmort  = 0.570E-06;
================  10 14 tfuncB     : 
QTEN   =  2.30    ;
================  10 16 upt        : 
inut   =  16.0    ;
k_demi = 0.150    ;
Qmax   = 0.264    ;
mu_max = 0.139E-04;
================  10 16 tfuncB     : 
QTEN   =  2.30    ;
================  10 16 uQ         : 
indX   =  10.0    ;
Qmin   = 0.168    ;
Qmax   = 0.264    ;
n      = 0.510E-01;
valmin =  0.00    ;
================  10 16 upt        : 
inut   =  14.0    ;
k_demi =  1.50    ;
Qmax   = 0.264    ;
mu_max = 0.139E-04;
================  10 16 upt        : 
inut   =  14.0    ;
k_demi =  1.50    ;
Qmax   = 0.264    ;
mu_max = 0.139E-04;
================  10 16 uQ         : 
indX   =  10.0    ;
Qmin   = 0.168    ;
Qmax   = 0.264    ;
n      = 0.510E-01;
================  11 13 rem        : 
tx_rem = 0.340E-06;
================  12 14 rem        : 
tx_rem = 0.580E-06;
================  15 16 nit        : 
tx_nit = 0.591E-06;
QTEN   =  2.37    ;
================   3  3 gpp        : 
a_chl  = 0.500E-01;
phi_max= 0.164E-03;
tau    = 0.100E-02;
sig_ps2=  12.0    ;
k_d    = 0.260E-07;
k_r    = 0.200E-03;
================   3  3 tfuncP     : 
beta   = 0.500    ;
t_opt  =  17.0    ;
t_let  =  11.0    ;
================   3  3 upt        : 
inut   =  16.0    ;
k_demi = 0.800E-01;
Qmax   = 0.229    ;
================   3  3 tfuncP     : 
beta   = 0.500    ;
t_opt  =  17.0    ;
t_let  =  11.0    ;
================   3  3 upt        : 
inut   =  15.0    ;
k_demi = 0.500    ;
Qmax   = 0.229    ;
================   3  3 tfuncP     : 
beta   = 0.500    ;
t_opt  =  17.0    ;
t_let  =  11.0    ;
================   3  3 inhib      : 
ki     = 0.578    ;
im     = 0.820    ;
================   5  5 pchl       : 
thetaN_=  2.20    ;
alpha_s= 0.820E-05;
inut1  =  15.0    ;
Vm1    = 0.229    ;
K1     = 0.500    ;
iXorC1 =  0.00    ;
inut2  =  16.0    ;
Vm2    = 0.229    ;
K2     = 0.800E-01;
iXorC2 =  0.00    ;
================   5  5 uGd        : 
indX   =  4.00    ;
Qmin   = 0.115    ;
valmin =  0.00    ;
================   5  5 tfuncP     : 
beta   = 0.500    ;
t_opt  =  17.0    ;
t_let  =  11.0    ;
================   5  5 grazC2X    : 
ipred  =  1.00    ;
iprey  =  5.00    ;
================   6  6 gpp        : 
a_chl  = 0.150E-01;
phi_max= 0.225E-03;
tau    = 0.200E-02;
sig_ps2=  8.50    ;
k_d    = 0.260E-07;
k_r    = 0.200E-03;
================   6  6 tfuncP     : 
beta   = 0.800    ;
t_opt  =  14.0    ;
t_let  =  9.00    ;
================   6  6 upt        : 
inut   =  16.0    ;
k_demi = 0.180    ;
Qmax   = 0.170    ;
================   6  6 tfuncP     : 
beta   = 0.800    ;
t_opt  =  14.0    ;
t_let  =  9.00    ;
================   6  6 upt        : 
inut   =  15.0    ;
k_demi =  2.50    ;
Qmax   = 0.170    ;
================   6  6 tfuncP     : 
beta   = 0.800    ;
t_opt  =  14.0    ;
t_let  =  9.00    ;
================   8  8 mort       : 
kmort  = 0.100E-07;
================   8  8 mort       : 
kmort  = 0.100E-07;
================   8  8 tfuncP     : 
beta   = 0.800    ;
t_opt  =  14.0    ;
t_let  =  9.00    ;
================   8  8 pchl       : 
thetaN_=  3.00    ;
alpha_s= 0.337E-05;
inut1  =  15.0    ;
Vm1    = 0.170    ;
K1     =  2.50    ;
iXorC1 =  0.00    ;
inut2  =  16.0    ;
Vm2    = 0.170    ;
K2     = 0.180    ;
iXorC2 =  0.00    ;
================   8  8 uGd        : 
indX   =  7.00    ;
Qmin   = 0.500E-01;
valmin =  0.00    ;
================   8  8 tfuncP     : 
beta   = 0.800    ;
t_opt  =  14.0    ;
t_let  =  9.00    ;
================   8  8 grazC2X    : 
ipred  =  1.00    ;
iprey  =  8.00    ;
================   9  9 gbp        : 
inut   =  13.0    ;
k_demi =  20.0    ;
mu_bact= 0.139E-04;
================   9  9 tfuncB     : 
QTEN   =  2.30    ;
================   9  9 uGd        : 
indX   =  10.0    ;
Qmin   = 0.168    ;
valmin =  0.00    ;
================   9  9 gbp        : 
inut   =  13.0    ;
k_demi =  20.0    ;
mu_bact= 0.139E-04;
================   9  9 tfuncB     : 
QTEN   =  2.30    ;
================   9  9 uGd        : 
indX   =  10.0    ;
Qmin   = 0.168    ;
valmin =  0.00    ;

 ================= Eco3M: Chl initialisation =======================
 Variable Chl:C ratio:  T
 Index of phyto Chl variables: 
           5           8

